Using pre-set license
Built from '2020.3/release' branch; Version is '2020.3.2f1 (8fd9074bf66c) revision 9427207'; Using compiler version '192528614'; Build Type 'Release'
OS: 'Windows 10 Pro; OS build 19041.985; Version 2004; 64bit' Language: 'en' Physical Memory: 15789 MB
BatchMode: 1, IsHumanControllingUs: 0, StartBugReporterOnCrash: 0, Is64bit: 1, IsPro: 0

 COMMAND LINE ARGUMENTS:
C:\Program Files\Unity\Hub\Editor\2020.3.2f1\Editor\Unity.exe
-adb2
-batchMode
-noUpm
-name
AssetImportWorker0
-projectPath
C:/Projects/PositiveNegativeJam/Positive Negative
-logFile
Logs/AssetImportWorker0.log
-srvPort
59011
Successfully changed project path to: C:/Projects/PositiveNegativeJam/Positive Negative
C:/Projects/PositiveNegativeJam/Positive Negative
Using Asset Import Pipeline V2.
Refreshing native plugins compatible for Editor in 33.33 ms, found 3 plugins.
Preloading 0 native plugins for Editor in 0.00 ms.
Initialize engine version: 2020.3.2f1 (8fd9074bf66c)
[Subsystems] Discovering subsystems at path C:/Program Files/Unity/Hub/Editor/2020.3.2f1/Editor/Data/Resources/UnitySubsystems
[Subsystems] Discovering subsystems at path C:/Projects/PositiveNegativeJam/Positive Negative/Assets
GfxDevice: creating device client; threaded=0
Direct3D:
    Version:  Direct3D 11.0 [level 11.1]
    Renderer: NVIDIA GeForce RTX 2060 with Max-Q Design (ID=0x1f12)
    Vendor:   
    VRAM:     5980 MB
    Driver:   27.21.14.6589
Initialize mono
Mono path[0] = 'C:/Program Files/Unity/Hub/Editor/2020.3.2f1/Editor/Data/Managed'
Mono path[1] = 'C:/Program Files/Unity/Hub/Editor/2020.3.2f1/Editor/Data/MonoBleedingEdge/lib/mono/unityjit'
Mono config path = 'C:/Program Files/Unity/Hub/Editor/2020.3.2f1/Editor/Data/MonoBleedingEdge/etc'
Using monoOptions --debugger-agent=transport=dt_socket,embedding=1,server=y,suspend=n,address=127.0.0.1:56400
Begin MonoManager ReloadAssembly
Registering precompiled unity dll's ...
Register platform support module: C:/Program Files/Unity/Hub/Editor/2020.3.2f1/Editor/Data/PlaybackEngines/WindowsStandaloneSupport/UnityEditor.WindowsStandalone.Extensions.dll
Registered in 0.001692 seconds.
Native extension for WindowsStandalone target not found
Refreshing native plugins compatible for Editor in 33.03 ms, found 3 plugins.
Preloading 0 native plugins for Editor in 0.00 ms.
Invoked RoslynAnalysisRunner static constructor.
RoslynAnalysisRunner will not be running.
RoslynAnalysisRunner has terminated.
Mono: successfully reloaded assembly
- Completed reload, in  0.881 seconds
Platform modules already initialized, skipping
Registering precompiled user dll's ...
Registered in 0.004998 seconds.
Begin MonoManager ReloadAssembly
Native extension for WindowsStandalone target not found
Refreshing native plugins compatible for Editor in 31.24 ms, found 3 plugins.
Preloading 0 native plugins for Editor in 0.00 ms.
Invoked RoslynAnalysisRunner static constructor.
RoslynAnalysisRunner will not be running.
RoslynAnalysisRunner has terminated.
Mono: successfully reloaded assembly
- Completed reload, in  0.788 seconds
Platform modules already initialized, skipping
========================================================================
Worker process is ready to serve import requests
Launched and connected shader compiler UnityShaderCompiler.exe after 0.04 seconds
Refreshing native plugins compatible for Editor in 0.48 ms, found 3 plugins.
Preloading 0 native plugins for Editor in 0.00 ms.
Unloading 1827 Unused Serialized files (Serialized files now loaded: 0)
System memory in use before: 85.5 MB.
System memory in use after: 85.5 MB.

Unloading 41 unused Assets to reduce memory usage. Loaded Objects now: 2294.
Total: 2.984500 ms (FindLiveObjects: 0.325300 ms CreateObjectMapping: 0.119500 ms MarkObjects: 2.419400 ms  DeleteObjects: 0.118800 ms)

========================================================================
Received Import Request.
  path: Assets/Scenes/Scripts
  artifactKey: Guid(85dedc87ab5c10347b82734ec1c43f71) Importer(815301076,1909f56bfc062723c751e8b465ee728b)
Start importing Assets/Scenes/Scripts using Guid(85dedc87ab5c10347b82734ec1c43f71) Importer(815301076,1909f56bfc062723c751e8b465ee728b)  -> (artifact id: 'f3b57c845c309395fcd20a074b46b262') in 0.008796 seconds
  Import took 0.011950 seconds .

========================================================================
Received Import Request.
  Time since last request: 4.213663 seconds.
  path: Assets/Scenes/Sprites
  artifactKey: Guid(fd7500eba1449664db0822828d98f959) Importer(815301076,1909f56bfc062723c751e8b465ee728b)
Start importing Assets/Scenes/Sprites using Guid(fd7500eba1449664db0822828d98f959) Importer(815301076,1909f56bfc062723c751e8b465ee728b)  -> (artifact id: 'f9c510c25270275c1b654953126f6e63') in 0.006492 seconds
  Import took 0.010308 seconds .

========================================================================
Received Import Request.
  Time since last request: 7.682092 seconds.
  path: Assets/Scenes/Prefabs
  artifactKey: Guid(0c703392a0a595e479ae703f7bac0bb8) Importer(815301076,1909f56bfc062723c751e8b465ee728b)
Start importing Assets/Scenes/Prefabs using Guid(0c703392a0a595e479ae703f7bac0bb8) Importer(815301076,1909f56bfc062723c751e8b465ee728b)  -> (artifact id: '1a442de47a61032684e3b61d9a584abf') in 0.006393 seconds
  Import took 0.009536 seconds .

========================================================================
Received Import Request.
  Time since last request: 12.184774 seconds.
  path: Assets
  artifactKey: Guid(00000000000000001000000000000000) Importer(815301076,1909f56bfc062723c751e8b465ee728b)
Start importing Assets using Guid(00000000000000001000000000000000) Importer(815301076,1909f56bfc062723c751e8b465ee728b)  -> (artifact id: '819a33a9bd799f71faca6db75e8a216c') in 0.006636 seconds
  Import took 0.009147 seconds .

========================================================================
Received Import Request.
  Time since last request: 5.569739 seconds.
  path: Assets/Audio
  artifactKey: Guid(1c6083465c164654dbea5712c5e9ef41) Importer(815301076,1909f56bfc062723c751e8b465ee728b)
Start importing Assets/Audio using Guid(1c6083465c164654dbea5712c5e9ef41) Importer(815301076,1909f56bfc062723c751e8b465ee728b)  -> (artifact id: 'fdb090a681522b202bd321ab07c19c34') in 0.006188 seconds
  Import took 0.010264 seconds .

========================================================================
Received Import Request.
  Time since last request: 15.415560 seconds.
  path: Assets/Sprites/Player.png
  artifactKey: Guid(40eb4ea89c7b1c84187f089db6ceca93) Importer(815301076,1909f56bfc062723c751e8b465ee728b)
Start importing Assets/Sprites/Player.png using Guid(40eb4ea89c7b1c84187f089db6ceca93) Importer(815301076,1909f56bfc062723c751e8b465ee728b)  -> (artifact id: '9d562be7963ab60c645a48a4f340baab') in 0.110176 seconds
  Import took 0.113344 seconds .

========================================================================
Received Import Request.
  Time since last request: 174.762451 seconds.
  path: Assets/Wall.png
  artifactKey: Guid(ffa836a1d41f44c4582ac29ba0e1f15b) Importer(815301076,1909f56bfc062723c751e8b465ee728b)
Start importing Assets/Wall.png using Guid(ffa836a1d41f44c4582ac29ba0e1f15b) Importer(815301076,1909f56bfc062723c751e8b465ee728b)  -> (artifact id: '6579ed19fdfe19c79641b65d55791f17') in 0.023606 seconds
  Import took 0.027276 seconds .

========================================================================
Received Prepare
Registering precompiled user dll's ...
Registered in 0.004761 seconds.
Begin MonoManager ReloadAssembly
Native extension for WindowsStandalone target not found
Refreshing native plugins compatible for Editor in 0.53 ms, found 3 plugins.
Preloading 0 native plugins for Editor in 0.00 ms.
Invoked RoslynAnalysisRunner static constructor.
RoslynAnalysisRunner will not be running.
RoslynAnalysisRunner has terminated.
Mono: successfully reloaded assembly
- Completed reload, in  0.805 seconds
Platform modules already initialized, skipping
Refreshing native plugins compatible for Editor in 0.65 ms, found 3 plugins.
Preloading 0 native plugins for Editor in 0.00 ms.
Unloading 1822 Unused Serialized files (Serialized files now loaded: 0)
System memory in use before: 88.6 MB.
System memory in use after: 88.5 MB.

Unloading 29 unused Assets to reduce memory usage. Loaded Objects now: 2304.
Total: 3.056500 ms (FindLiveObjects: 0.327000 ms CreateObjectMapping: 0.076200 ms MarkObjects: 2.520300 ms  DeleteObjects: 0.131200 ms)

========================================================================
Received Import Request.
  Time since last request: 164.656437 seconds.
  path: Assets/Scripts/Player.cs
  artifactKey: Guid(db692d2c57d34284096a65d75cbe0dc1) Importer(815301076,1909f56bfc062723c751e8b465ee728b)
Start importing Assets/Scripts/Player.cs using Guid(db692d2c57d34284096a65d75cbe0dc1) Importer(815301076,1909f56bfc062723c751e8b465ee728b)  -> (artifact id: '74a2fdb563fb90becfca7e13ee2a4029') in 0.010014 seconds
  Import took 0.012615 seconds .

========================================================================
Received Prepare
Registering precompiled user dll's ...
Registered in 0.004957 seconds.
Begin MonoManager ReloadAssembly
Native extension for WindowsStandalone target not found
Refreshing native plugins compatible for Editor in 0.44 ms, found 3 plugins.
Preloading 0 native plugins for Editor in 0.00 ms.
Invoked RoslynAnalysisRunner static constructor.
RoslynAnalysisRunner will not be running.
RoslynAnalysisRunner has terminated.
Mono: successfully reloaded assembly
- Completed reload, in  0.716 seconds
Platform modules already initialized, skipping
Refreshing native plugins compatible for Editor in 0.45 ms, found 3 plugins.
Preloading 0 native plugins for Editor in 0.00 ms.
Unloading 1823 Unused Serialized files (Serialized files now loaded: 0)
System memory in use before: 88.6 MB.
System memory in use after: 88.6 MB.

Unloading 29 unused Assets to reduce memory usage. Loaded Objects now: 2309.
Total: 2.218800 ms (FindLiveObjects: 0.215300 ms CreateObjectMapping: 0.040100 ms MarkObjects: 1.850700 ms  DeleteObjects: 0.110700 ms)

========================================================================
Received Prepare
Registering precompiled user dll's ...
Registered in 0.004696 seconds.
Begin MonoManager ReloadAssembly
Native extension for WindowsStandalone target not found
Refreshing native plugins compatible for Editor in 0.45 ms, found 3 plugins.
Preloading 0 native plugins for Editor in 0.00 ms.
Invoked RoslynAnalysisRunner static constructor.
RoslynAnalysisRunner will not be running.
RoslynAnalysisRunner has terminated.
Mono: successfully reloaded assembly
- Completed reload, in  0.742 seconds
Platform modules already initialized, skipping
Refreshing native plugins compatible for Editor in 0.48 ms, found 3 plugins.
Preloading 0 native plugins for Editor in 0.00 ms.
Unloading 1824 Unused Serialized files (Serialized files now loaded: 0)
System memory in use before: 88.7 MB.
System memory in use after: 88.6 MB.

Unloading 29 unused Assets to reduce memory usage. Loaded Objects now: 2314.
Total: 1.951400 ms (FindLiveObjects: 0.212100 ms CreateObjectMapping: 0.040400 ms MarkObjects: 1.582500 ms  DeleteObjects: 0.115200 ms)

========================================================================
Received Import Request.
  Time since last request: 597.590834 seconds.
  path: ProjectSettings/TagManager.asset
  artifactKey: Guid(00000000000000003000000000000000) Importer(815301076,1909f56bfc062723c751e8b465ee728b)
Start importing ProjectSettings/TagManager.asset using Guid(00000000000000003000000000000000) Importer(815301076,1909f56bfc062723c751e8b465ee728b)  -> (artifact id: '5187126b315f9ff4c3edc45da8f2c6de') in 0.018464 seconds
  Import took 0.022072 seconds .

========================================================================
Received Prepare
Registering precompiled user dll's ...
Registered in 0.005277 seconds.
Begin MonoManager ReloadAssembly
Native extension for WindowsStandalone target not found
Refreshing native plugins compatible for Editor in 0.46 ms, found 3 plugins.
Preloading 0 native plugins for Editor in 0.00 ms.
Invoked RoslynAnalysisRunner static constructor.
RoslynAnalysisRunner will not be running.
RoslynAnalysisRunner has terminated.
Mono: successfully reloaded assembly
- Completed reload, in  0.734 seconds
Platform modules already initialized, skipping
Refreshing native plugins compatible for Editor in 0.53 ms, found 3 plugins.
Preloading 0 native plugins for Editor in 0.00 ms.
Unloading 1825 Unused Serialized files (Serialized files now loaded: 0)
System memory in use before: 88.7 MB.
System memory in use after: 88.7 MB.

Unloading 30 unused Assets to reduce memory usage. Loaded Objects now: 2319.
Total: 2.282900 ms (FindLiveObjects: 0.249200 ms CreateObjectMapping: 0.077400 ms MarkObjects: 1.840700 ms  DeleteObjects: 0.114100 ms)

========================================================================
Received Prepare
Registering precompiled user dll's ...
Registered in 0.004654 seconds.
Begin MonoManager ReloadAssembly
Native extension for WindowsStandalone target not found
Refreshing native plugins compatible for Editor in 0.45 ms, found 3 plugins.
Preloading 0 native plugins for Editor in 0.00 ms.
Invoked RoslynAnalysisRunner static constructor.
RoslynAnalysisRunner will not be running.
RoslynAnalysisRunner has terminated.
Mono: successfully reloaded assembly
- Completed reload, in  0.708 seconds
Platform modules already initialized, skipping
Refreshing native plugins compatible for Editor in 0.44 ms, found 3 plugins.
Preloading 0 native plugins for Editor in 0.00 ms.
Unloading 1825 Unused Serialized files (Serialized files now loaded: 0)
System memory in use before: 88.8 MB.
System memory in use after: 88.7 MB.

Unloading 29 unused Assets to reduce memory usage. Loaded Objects now: 2323.
Total: 2.758200 ms (FindLiveObjects: 0.312300 ms CreateObjectMapping: 0.124000 ms MarkObjects: 2.203900 ms  DeleteObjects: 0.116500 ms)

========================================================================
Received Prepare
Registering precompiled user dll's ...
Registered in 0.004640 seconds.
Begin MonoManager ReloadAssembly
Native extension for WindowsStandalone target not found
Refreshing native plugins compatible for Editor in 0.47 ms, found 3 plugins.
Preloading 0 native plugins for Editor in 0.00 ms.
Invoked RoslynAnalysisRunner static constructor.
RoslynAnalysisRunner will not be running.
RoslynAnalysisRunner has terminated.
Mono: successfully reloaded assembly
- Completed reload, in  0.725 seconds
Platform modules already initialized, skipping
Refreshing native plugins compatible for Editor in 0.45 ms, found 3 plugins.
Preloading 0 native plugins for Editor in 0.00 ms.
Unloading 1825 Unused Serialized files (Serialized files now loaded: 0)
System memory in use before: 88.8 MB.
System memory in use after: 88.7 MB.

Unloading 29 unused Assets to reduce memory usage. Loaded Objects now: 2327.
Total: 1.796500 ms (FindLiveObjects: 0.197000 ms CreateObjectMapping: 0.039500 ms MarkObjects: 1.446100 ms  DeleteObjects: 0.112500 ms)

========================================================================
Received Import Request.
  Time since last request: 724.236863 seconds.
  path: Assets/Scripts/PlayerMovement.cs
  artifactKey: Guid(db79f62c1758f5f44b79d86edd802b21) Importer(815301076,1909f56bfc062723c751e8b465ee728b)
Start importing Assets/Scripts/PlayerMovement.cs using Guid(db79f62c1758f5f44b79d86edd802b21) Importer(815301076,1909f56bfc062723c751e8b465ee728b)  -> (artifact id: '967526a61c2aa31354f18a66bcc0755e') in 0.010793 seconds
  Import took 0.013569 seconds .

========================================================================
Received Prepare
Registering precompiled user dll's ...
Registered in 0.004595 seconds.
Begin MonoManager ReloadAssembly
Native extension for WindowsStandalone target not found
Refreshing native plugins compatible for Editor in 0.85 ms, found 3 plugins.
Preloading 0 native plugins for Editor in 0.00 ms.
Invoked RoslynAnalysisRunner static constructor.
RoslynAnalysisRunner will not be running.
RoslynAnalysisRunner has terminated.
Mono: successfully reloaded assembly
- Completed reload, in  0.780 seconds
Platform modules already initialized, skipping
Refreshing native plugins compatible for Editor in 0.83 ms, found 3 plugins.
Preloading 0 native plugins for Editor in 0.00 ms.
Unloading 1825 Unused Serialized files (Serialized files now loaded: 0)
System memory in use before: 88.8 MB.
System memory in use after: 88.8 MB.

Unloading 29 unused Assets to reduce memory usage. Loaded Objects now: 2331.
Total: 2.911600 ms (FindLiveObjects: 0.531100 ms CreateObjectMapping: 0.101000 ms MarkObjects: 2.164200 ms  DeleteObjects: 0.113500 ms)

========================================================================
Received Import Request.
  Time since last request: 869.474465 seconds.
  path: Assets/Scripts/PlayerMovement.cs
  artifactKey: Guid(db79f62c1758f5f44b79d86edd802b21) Importer(815301076,1909f56bfc062723c751e8b465ee728b)
Start importing Assets/Scripts/PlayerMovement.cs using Guid(db79f62c1758f5f44b79d86edd802b21) Importer(815301076,1909f56bfc062723c751e8b465ee728b)  -> (artifact id: '360a2dd693819d1c4036252901c4dc12') in 0.004961 seconds
  Import took 0.008674 seconds .

========================================================================
Received Prepare
Registering precompiled user dll's ...
Registered in 0.004987 seconds.
Begin MonoManager ReloadAssembly
Native extension for WindowsStandalone target not found
Refreshing native plugins compatible for Editor in 0.49 ms, found 3 plugins.
Preloading 0 native plugins for Editor in 0.00 ms.
Invoked RoslynAnalysisRunner static constructor.
RoslynAnalysisRunner will not be running.
RoslynAnalysisRunner has terminated.
Mono: successfully reloaded assembly
- Completed reload, in  0.824 seconds
Platform modules already initialized, skipping
Refreshing native plugins compatible for Editor in 0.52 ms, found 3 plugins.
Preloading 0 native plugins for Editor in 0.00 ms.
Unloading 1825 Unused Serialized files (Serialized files now loaded: 0)
System memory in use before: 88.8 MB.
System memory in use after: 88.8 MB.

Unloading 29 unused Assets to reduce memory usage. Loaded Objects now: 2335.
Total: 3.749700 ms (FindLiveObjects: 0.636800 ms CreateObjectMapping: 0.083100 ms MarkObjects: 2.901800 ms  DeleteObjects: 0.125400 ms)

========================================================================
Received Prepare
Registering precompiled user dll's ...
Registered in 0.004746 seconds.
Begin MonoManager ReloadAssembly
Native extension for WindowsStandalone target not found
Refreshing native plugins compatible for Editor in 0.76 ms, found 3 plugins.
Preloading 0 native plugins for Editor in 0.00 ms.
Invoked RoslynAnalysisRunner static constructor.
RoslynAnalysisRunner will not be running.
RoslynAnalysisRunner has terminated.
Mono: successfully reloaded assembly
- Completed reload, in  0.773 seconds
Platform modules already initialized, skipping
Refreshing native plugins compatible for Editor in 0.68 ms, found 3 plugins.
Preloading 0 native plugins for Editor in 0.00 ms.
Unloading 1825 Unused Serialized files (Serialized files now loaded: 0)
System memory in use before: 88.8 MB.
System memory in use after: 88.8 MB.

Unloading 29 unused Assets to reduce memory usage. Loaded Objects now: 2339.
Total: 2.373500 ms (FindLiveObjects: 0.247200 ms CreateObjectMapping: 0.044000 ms MarkObjects: 1.949800 ms  DeleteObjects: 0.130700 ms)

========================================================================
Received Prepare
Registering precompiled user dll's ...
Registered in 0.004618 seconds.
Begin MonoManager ReloadAssembly
Native extension for WindowsStandalone target not found
Refreshing native plugins compatible for Editor in 0.49 ms, found 3 plugins.
Preloading 0 native plugins for Editor in 0.00 ms.
Invoked RoslynAnalysisRunner static constructor.
RoslynAnalysisRunner will not be running.
RoslynAnalysisRunner has terminated.
Mono: successfully reloaded assembly
- Completed reload, in  0.781 seconds
Platform modules already initialized, skipping
Refreshing native plugins compatible for Editor in 0.51 ms, found 3 plugins.
Preloading 0 native plugins for Editor in 0.00 ms.
Unloading 1825 Unused Serialized files (Serialized files now loaded: 0)
System memory in use before: 88.8 MB.
System memory in use after: 88.8 MB.

Unloading 29 unused Assets to reduce memory usage. Loaded Objects now: 2343.
Total: 2.383500 ms (FindLiveObjects: 0.260600 ms CreateObjectMapping: 0.043600 ms MarkObjects: 1.939600 ms  DeleteObjects: 0.137800 ms)

========================================================================
Received Prepare
Registering precompiled user dll's ...
Registered in 0.004632 seconds.
Begin MonoManager ReloadAssembly
Native extension for WindowsStandalone target not found
Refreshing native plugins compatible for Editor in 0.44 ms, found 3 plugins.
Preloading 0 native plugins for Editor in 0.00 ms.
Invoked RoslynAnalysisRunner static constructor.
RoslynAnalysisRunner will not be running.
RoslynAnalysisRunner has terminated.
Mono: successfully reloaded assembly
- Completed reload, in  0.707 seconds
Platform modules already initialized, skipping
Refreshing native plugins compatible for Editor in 0.45 ms, found 3 plugins.
Preloading 0 native plugins for Editor in 0.00 ms.
Unloading 1825 Unused Serialized files (Serialized files now loaded: 0)
System memory in use before: 88.8 MB.
System memory in use after: 88.8 MB.

Unloading 29 unused Assets to reduce memory usage. Loaded Objects now: 2347.
Total: 2.672900 ms (FindLiveObjects: 0.467000 ms CreateObjectMapping: 0.122000 ms MarkObjects: 1.958300 ms  DeleteObjects: 0.117600 ms)

========================================================================
Received Prepare
Registering precompiled user dll's ...
Registered in 0.004648 seconds.
Begin MonoManager ReloadAssembly
Native extension for WindowsStandalone target not found
Refreshing native plugins compatible for Editor in 0.67 ms, found 3 plugins.
Preloading 0 native plugins for Editor in 0.00 ms.
Invoked RoslynAnalysisRunner static constructor.
RoslynAnalysisRunner will not be running.
RoslynAnalysisRunner has terminated.
Mono: successfully reloaded assembly
- Completed reload, in  0.804 seconds
Platform modules already initialized, skipping
Refreshing native plugins compatible for Editor in 0.53 ms, found 3 plugins.
Preloading 0 native plugins for Editor in 0.00 ms.
Unloading 1825 Unused Serialized files (Serialized files now loaded: 0)
System memory in use before: 88.8 MB.
System memory in use after: 88.8 MB.

Unloading 29 unused Assets to reduce memory usage. Loaded Objects now: 2351.
Total: 2.649000 ms (FindLiveObjects: 0.300100 ms CreateObjectMapping: 0.082500 ms MarkObjects: 2.148800 ms  DeleteObjects: 0.116400 ms)

========================================================================
Received Import Request.
  Time since last request: 256.163550 seconds.
  path: Assets/Physics
  artifactKey: Guid(fa356c5eac4272a40a1e2a2236218f85) Importer(815301076,1909f56bfc062723c751e8b465ee728b)
Start importing Assets/Physics using Guid(fa356c5eac4272a40a1e2a2236218f85) Importer(815301076,1909f56bfc062723c751e8b465ee728b)  -> (artifact id: 'e9977a99e7f36378257ec40424edca30') in 0.009845 seconds
  Import took 0.014288 seconds .

========================================================================
Received Import Request.
  Time since last request: 19.390332 seconds.
  path: Assets/Physics/Slippery.physicsMaterial2D
  artifactKey: Guid(8af072629d408504987847dc926a668d) Importer(815301076,1909f56bfc062723c751e8b465ee728b)
Start importing Assets/Physics/Slippery.physicsMaterial2D using Guid(8af072629d408504987847dc926a668d) Importer(815301076,1909f56bfc062723c751e8b465ee728b)  -> (artifact id: '3fb78b17188a3c67552b7ebea2e4b930') in 0.013664 seconds
  Import took 0.016387 seconds .

========================================================================
Received Prepare
Registering precompiled user dll's ...
Registered in 0.004995 seconds.
Begin MonoManager ReloadAssembly
Native extension for WindowsStandalone target not found
Refreshing native plugins compatible for Editor in 0.51 ms, found 3 plugins.
Preloading 0 native plugins for Editor in 0.00 ms.
Invoked RoslynAnalysisRunner static constructor.
RoslynAnalysisRunner will not be running.
RoslynAnalysisRunner has terminated.
Mono: successfully reloaded assembly
- Completed reload, in  0.722 seconds
Platform modules already initialized, skipping
Refreshing native plugins compatible for Editor in 0.46 ms, found 3 plugins.
Preloading 0 native plugins for Editor in 0.00 ms.
Unloading 1825 Unused Serialized files (Serialized files now loaded: 0)
System memory in use before: 88.8 MB.
System memory in use after: 88.8 MB.

Unloading 29 unused Assets to reduce memory usage. Loaded Objects now: 2355.
Total: 3.058200 ms (FindLiveObjects: 0.335600 ms CreateObjectMapping: 0.043000 ms MarkObjects: 2.560900 ms  DeleteObjects: 0.117000 ms)

========================================================================
Received Import Request.
  Time since last request: 450.444661 seconds.
  path: Assets/Physics/Slippery.physicsMaterial2D
  artifactKey: Guid(8af072629d408504987847dc926a668d) Importer(815301076,1909f56bfc062723c751e8b465ee728b)
Start importing Assets/Physics/Slippery.physicsMaterial2D using Guid(8af072629d408504987847dc926a668d) Importer(815301076,1909f56bfc062723c751e8b465ee728b)  -> (artifact id: '87e689dc99b3fc6ff9947324ceb79b61') in 0.011071 seconds
  Import took 0.014072 seconds .

========================================================================
Received Prepare
Registering precompiled user dll's ...
Registered in 0.004867 seconds.
Begin MonoManager ReloadAssembly
Native extension for WindowsStandalone target not found
Refreshing native plugins compatible for Editor in 0.63 ms, found 3 plugins.
Preloading 0 native plugins for Editor in 0.00 ms.
Invoked RoslynAnalysisRunner static constructor.
RoslynAnalysisRunner will not be running.
RoslynAnalysisRunner has terminated.
Mono: successfully reloaded assembly
- Completed reload, in  0.866 seconds
Platform modules already initialized, skipping
Refreshing native plugins compatible for Editor in 0.69 ms, found 3 plugins.
Preloading 0 native plugins for Editor in 0.00 ms.
Unloading 1825 Unused Serialized files (Serialized files now loaded: 0)
System memory in use before: 88.8 MB.
System memory in use after: 88.8 MB.

Unloading 29 unused Assets to reduce memory usage. Loaded Objects now: 2359.
Total: 2.739800 ms (FindLiveObjects: 0.294100 ms CreateObjectMapping: 0.046500 ms MarkObjects: 2.268000 ms  DeleteObjects: 0.130000 ms)

========================================================================
Received Prepare
Registering precompiled user dll's ...
Registered in 0.004621 seconds.
Begin MonoManager ReloadAssembly
Native extension for WindowsStandalone target not found
Refreshing native plugins compatible for Editor in 0.58 ms, found 3 plugins.
Preloading 0 native plugins for Editor in 0.00 ms.
Invoked RoslynAnalysisRunner static constructor.
RoslynAnalysisRunner will not be running.
RoslynAnalysisRunner has terminated.
Mono: successfully reloaded assembly
- Completed reload, in  0.780 seconds
Platform modules already initialized, skipping
Refreshing native plugins compatible for Editor in 0.60 ms, found 3 plugins.
Preloading 0 native plugins for Editor in 0.00 ms.
Unloading 1825 Unused Serialized files (Serialized files now loaded: 0)
System memory in use before: 88.9 MB.
System memory in use after: 88.8 MB.

Unloading 29 unused Assets to reduce memory usage. Loaded Objects now: 2363.
Total: 2.395200 ms (FindLiveObjects: 0.264500 ms CreateObjectMapping: 0.046600 ms MarkObjects: 1.965100 ms  DeleteObjects: 0.117800 ms)

========================================================================
Received Prepare
Registering precompiled user dll's ...
Registered in 0.005372 seconds.
Begin MonoManager ReloadAssembly
Native extension for WindowsStandalone target not found
Refreshing native plugins compatible for Editor in 0.64 ms, found 3 plugins.
Preloading 0 native plugins for Editor in 0.00 ms.
Invoked RoslynAnalysisRunner static constructor.
RoslynAnalysisRunner will not be running.
RoslynAnalysisRunner has terminated.
Mono: successfully reloaded assembly
- Completed reload, in  0.794 seconds
Platform modules already initialized, skipping
Refreshing native plugins compatible for Editor in 0.75 ms, found 3 plugins.
Preloading 0 native plugins for Editor in 0.00 ms.
Unloading 1825 Unused Serialized files (Serialized files now loaded: 0)
System memory in use before: 88.9 MB.
System memory in use after: 88.8 MB.

Unloading 29 unused Assets to reduce memory usage. Loaded Objects now: 2367.
Total: 2.534200 ms (FindLiveObjects: 0.235600 ms CreateObjectMapping: 0.042400 ms MarkObjects: 2.132000 ms  DeleteObjects: 0.122400 ms)

========================================================================
Received Prepare
Registering precompiled user dll's ...
Registered in 0.005065 seconds.
Begin MonoManager ReloadAssembly
Native extension for WindowsStandalone target not found
Refreshing native plugins compatible for Editor in 0.46 ms, found 3 plugins.
Preloading 0 native plugins for Editor in 0.00 ms.
Invoked RoslynAnalysisRunner static constructor.
RoslynAnalysisRunner will not be running.
RoslynAnalysisRunner has terminated.
Mono: successfully reloaded assembly
- Completed reload, in  0.726 seconds
Platform modules already initialized, skipping
Refreshing native plugins compatible for Editor in 0.45 ms, found 3 plugins.
Preloading 0 native plugins for Editor in 0.00 ms.
Unloading 1825 Unused Serialized files (Serialized files now loaded: 0)
System memory in use before: 88.9 MB.
System memory in use after: 88.9 MB.

Unloading 29 unused Assets to reduce memory usage. Loaded Objects now: 2371.
Total: 2.144400 ms (FindLiveObjects: 0.290500 ms CreateObjectMapping: 0.077100 ms MarkObjects: 1.649000 ms  DeleteObjects: 0.126700 ms)

========================================================================
Received Import Request.
  Time since last request: 385.214772 seconds.
  path: Assets/Scenes/SampleScene.unity
  artifactKey: Guid(2cda990e2423bbf4892e6590ba056729) Importer(815301076,1909f56bfc062723c751e8b465ee728b)
Start importing Assets/Scenes/SampleScene.unity using Guid(2cda990e2423bbf4892e6590ba056729) Importer(815301076,1909f56bfc062723c751e8b465ee728b)  -> (artifact id: 'ce2773e5a779f088bed1ad694668f2cd') in 0.014229 seconds
  Import took 0.017689 seconds .

========================================================================
Received Import Request.
  Time since last request: 11.779850 seconds.
  path: Assets/Scenes/BasicMovement.unity
  artifactKey: Guid(2cda990e2423bbf4892e6590ba056729) Importer(815301076,1909f56bfc062723c751e8b465ee728b)
Start importing Assets/Scenes/BasicMovement.unity using Guid(2cda990e2423bbf4892e6590ba056729) Importer(815301076,1909f56bfc062723c751e8b465ee728b)  -> (artifact id: '910b464f81f5f1933744a76cc20df1a6') in 0.007822 seconds
  Import took 0.011041 seconds .

========================================================================
Received Import Request.
  Time since last request: 11.743181 seconds.
  path: Assets/Prefabs/Player.prefab
  artifactKey: Guid(f73b1cd2d0c8b4b429aa1cebb9343433) Importer(815301076,1909f56bfc062723c751e8b465ee728b)
Start importing Assets/Prefabs/Player.prefab using Guid(f73b1cd2d0c8b4b429aa1cebb9343433) Importer(815301076,1909f56bfc062723c751e8b465ee728b)  -> (artifact id: 'cade6dd42d73d2df22ae94fc84d31cae') in 0.066331 seconds
  Import took 0.069821 seconds .

========================================================================
Received Import Request.
  Time since last request: 0.002652 seconds.
  path: Assets/Prefabs/Player.prefab
  artifactKey: Guid(f73b1cd2d0c8b4b429aa1cebb9343433) Importer(815301076,1909f56bfc062723c751e8b465ee728b)
Start importing Assets/Prefabs/Player.prefab using Guid(f73b1cd2d0c8b4b429aa1cebb9343433) Importer(815301076,1909f56bfc062723c751e8b465ee728b)  -> (artifact id: 'cade6dd42d73d2df22ae94fc84d31cae') in 0.008941 seconds
  Import took 0.011746 seconds .

